<?xml version="1.0" encoding="UTF-8"?>
<testng-results ignored="0" total="0" passed="0" failed="0" skipped="0">
  <reporter-output>
  </reporter-output>
  <suite started-at="2023-07-14T08:24:36 IST" name="opencartSuite" finished-at="2023-07-14T08:24:36 IST" duration-ms="513">
    <groups>
    </groups>
    <test started-at="2023-07-14T08:24:36 IST" name="opencartTest" finished-at="2023-07-14T08:24:36 IST" duration-ms="513">
    </test> <!-- opencartTest -->
  </suite> <!-- opencartSuite -->
</testng-results>
